Analysis & Synthesis report for Follower
Tue May 02 10:12:24 2017
Quartus Prime Version 16.0.0 Build 211 04/27/2016 SJ Lite Edition


---------------------
; Table of Contents ;
---------------------
  1. Legal Notice
  2. Analysis & Synthesis Summary
  3. Analysis & Synthesis Settings
  4. Parallel Compilation
  5. Analysis & Synthesis Messages
  6. Analysis & Synthesis Suppressed Messages



----------------
; Legal Notice ;
----------------
Copyright (C) 1991-2016 Altera Corporation. All rights reserved.
Your use of Altera Corporation's design tools, logic functions 
and other software and tools, and its AMPP partner logic 
functions, and any output files from any of the foregoing 
(including device programming or simulation files), and any 
associated documentation or information are expressly subject 
to the terms and conditions of the Altera Program License 
Subscription Agreement, the Altera Quartus Prime License Agreement,
the Altera MegaCore Function License Agreement, or other 
applicable license agreement, including, without limitation, 
that your use is for the sole purpose of programming logic 
devices manufactured by Altera and sold by Altera or its 
authorized distributors.  Please refer to the applicable 
agreement for further details.



+----------------------------------------------------------------------------------+
; Analysis & Synthesis Summary                                                     ;
+------------------------------------+---------------------------------------------+
; Analysis & Synthesis Status        ; Failed - Tue May 02 10:12:24 2017           ;
; Quartus Prime Version              ; 16.0.0 Build 211 04/27/2016 SJ Lite Edition ;
; Revision Name                      ; Follower                                    ;
; Top-level Entity Name              ; follower                                    ;
; Family                             ; Cyclone IV E                                ;
; Total logic elements               ; N/A until Partition Merge                   ;
;     Total combinational functions  ; N/A until Partition Merge                   ;
;     Dedicated logic registers      ; N/A until Partition Merge                   ;
; Total registers                    ; N/A until Partition Merge                   ;
; Total pins                         ; N/A until Partition Merge                   ;
; Total virtual pins                 ; N/A until Partition Merge                   ;
; Total memory bits                  ; N/A until Partition Merge                   ;
; Embedded Multiplier 9-bit elements ; N/A until Partition Merge                   ;
; Total PLLs                         ; N/A until Partition Merge                   ;
+------------------------------------+---------------------------------------------+


+----------------------------------------------------------------------------------------------------------------------+
; Analysis & Synthesis Settings                                                                                        ;
+----------------------------------------------------------------------------+--------------------+--------------------+
; Option                                                                     ; Setting            ; Default Value      ;
+----------------------------------------------------------------------------+--------------------+--------------------+
; Device                                                                     ; EP4CE22F17C6       ;                    ;
; Top-level entity name                                                      ; follower           ; Follower           ;
; Family name                                                                ; Cyclone IV E       ; Cyclone V          ;
; Use smart compilation                                                      ; Off                ; Off                ;
; Enable parallel Assembler and TimeQuest Timing Analyzer during compilation ; On                 ; On                 ;
; Enable compact report table                                                ; Off                ; Off                ;
; Restructure Multiplexers                                                   ; Auto               ; Auto               ;
; Create Debugging Nodes for IP Cores                                        ; Off                ; Off                ;
; Preserve fewer node names                                                  ; On                 ; On                 ;
; Disable OpenCore Plus hardware evaluation                                  ; Off                ; Off                ;
; Verilog Version                                                            ; Verilog_2001       ; Verilog_2001       ;
; VHDL Version                                                               ; VHDL_1993          ; VHDL_1993          ;
; State Machine Processing                                                   ; Auto               ; Auto               ;
; Safe State Machine                                                         ; Off                ; Off                ;
; Extract Verilog State Machines                                             ; On                 ; On                 ;
; Extract VHDL State Machines                                                ; On                 ; On                 ;
; Ignore Verilog initial constructs                                          ; Off                ; Off                ;
; Iteration limit for constant Verilog loops                                 ; 5000               ; 5000               ;
; Iteration limit for non-constant Verilog loops                             ; 250                ; 250                ;
; Add Pass-Through Logic to Inferred RAMs                                    ; On                 ; On                 ;
; Infer RAMs from Raw Logic                                                  ; On                 ; On                 ;
; Parallel Synthesis                                                         ; On                 ; On                 ;
; DSP Block Balancing                                                        ; Auto               ; Auto               ;
; NOT Gate Push-Back                                                         ; On                 ; On                 ;
; Power-Up Don't Care                                                        ; On                 ; On                 ;
; Remove Redundant Logic Cells                                               ; Off                ; Off                ;
; Remove Duplicate Registers                                                 ; On                 ; On                 ;
; Ignore CARRY Buffers                                                       ; Off                ; Off                ;
; Ignore CASCADE Buffers                                                     ; Off                ; Off                ;
; Ignore GLOBAL Buffers                                                      ; Off                ; Off                ;
; Ignore ROW GLOBAL Buffers                                                  ; Off                ; Off                ;
; Ignore LCELL Buffers                                                       ; Off                ; Off                ;
; Ignore SOFT Buffers                                                        ; On                 ; On                 ;
; Limit AHDL Integers to 32 Bits                                             ; Off                ; Off                ;
; Optimization Technique                                                     ; Balanced           ; Balanced           ;
; Carry Chain Length                                                         ; 70                 ; 70                 ;
; Auto Carry Chains                                                          ; On                 ; On                 ;
; Auto Open-Drain Pins                                                       ; On                 ; On                 ;
; Perform WYSIWYG Primitive Resynthesis                                      ; Off                ; Off                ;
; Auto ROM Replacement                                                       ; On                 ; On                 ;
; Auto RAM Replacement                                                       ; On                 ; On                 ;
; Auto DSP Block Replacement                                                 ; On                 ; On                 ;
; Auto Shift Register Replacement                                            ; Auto               ; Auto               ;
; Allow Shift Register Merging across Hierarchies                            ; Auto               ; Auto               ;
; Auto Clock Enable Replacement                                              ; On                 ; On                 ;
; Strict RAM Replacement                                                     ; Off                ; Off                ;
; Allow Synchronous Control Signals                                          ; On                 ; On                 ;
; Force Use of Synchronous Clear Signals                                     ; Off                ; Off                ;
; Auto RAM Block Balancing                                                   ; On                 ; On                 ;
; Auto RAM to Logic Cell Conversion                                          ; Off                ; Off                ;
; Auto Resource Sharing                                                      ; Off                ; Off                ;
; Allow Any RAM Size For Recognition                                         ; Off                ; Off                ;
; Allow Any ROM Size For Recognition                                         ; Off                ; Off                ;
; Allow Any Shift Register Size For Recognition                              ; Off                ; Off                ;
; Use LogicLock Constraints during Resource Balancing                        ; On                 ; On                 ;
; Ignore translate_off and synthesis_off directives                          ; Off                ; Off                ;
; Timing-Driven Synthesis                                                    ; On                 ; On                 ;
; Report Parameter Settings                                                  ; On                 ; On                 ;
; Report Source Assignments                                                  ; On                 ; On                 ;
; Report Connectivity Checks                                                 ; On                 ; On                 ;
; Ignore Maximum Fan-Out Assignments                                         ; Off                ; Off                ;
; Synchronization Register Chain Length                                      ; 2                  ; 2                  ;
; PowerPlay Power Optimization During Synthesis                              ; Normal compilation ; Normal compilation ;
; HDL message level                                                          ; Level2             ; Level2             ;
; Suppress Register Optimization Related Messages                            ; Off                ; Off                ;
; Number of Removed Registers Reported in Synthesis Report                   ; 5000               ; 5000               ;
; Number of Swept Nodes Reported in Synthesis Report                         ; 5000               ; 5000               ;
; Number of Inverted Registers Reported in Synthesis Report                  ; 100                ; 100                ;
; Clock MUX Protection                                                       ; On                 ; On                 ;
; Auto Gated Clock Conversion                                                ; Off                ; Off                ;
; Block Design Naming                                                        ; Auto               ; Auto               ;
; SDC constraint protection                                                  ; Off                ; Off                ;
; Synthesis Effort                                                           ; Auto               ; Auto               ;
; Shift Register Replacement - Allow Asynchronous Clear Signal               ; On                 ; On                 ;
; Pre-Mapping Resynthesis Optimization                                       ; Off                ; Off                ;
; Analysis & Synthesis Message Level                                         ; Medium             ; Medium             ;
; Disable Register Merging Across Hierarchies                                ; Auto               ; Auto               ;
; Resource Aware Inference For Block RAM                                     ; On                 ; On                 ;
; Synthesis Seed                                                             ; 1                  ; 1                  ;
+----------------------------------------------------------------------------+--------------------+--------------------+


Parallel compilation was disabled, but you have multiple processors available. Enable parallel compilation to reduce compilation time.
+-------------------------------------+
; Parallel Compilation                ;
+----------------------------+--------+
; Processors                 ; Number ;
+----------------------------+--------+
; Number detected on machine ; 4      ;
; Maximum allowed            ; 1      ;
+----------------------------+--------+


+-------------------------------+
; Analysis & Synthesis Messages ;
+-------------------------------+
Info: *******************************************************************
Info: Running Quartus Prime Analysis & Synthesis
    Info: Version 16.0.0 Build 211 04/27/2016 SJ Lite Edition
    Info: Processing started: Tue May 02 10:11:27 2017
Info: Command: quartus_map --read_settings_files=on --write_settings_files=off Follower -c Follower
Warning (20028): Parallel compilation is not licensed and has been disabled
Info (12021): Found 1 design units, including 1 entities, in source file uart_tx.v
    Info (12023): Found entity 1: uart_tx File: I:/ece551/FinalProject/UART_tx.v Line: 1
Info (12021): Found 1 design units, including 1 entities, in source file uart_rcv_2.sv
    Info (12023): Found entity 1: uart_rcv File: I:/ece551/FinalProject/uart_rcv_2.sv Line: 1
Info (12021): Found 1 design units, including 1 entities, in source file spi_mstr.sv
    Info (12023): Found entity 1: SPI_mstr File: I:/ece551/FinalProject/SPI_mstr.sv Line: 1
Info (12021): Found 1 design units, including 1 entities, in source file spi_adc128s.sv
    Info (12023): Found entity 1: SPI_ADC128S File: I:/ece551/FinalProject/SPI_ADC128S.sv Line: 1
Info (12021): Found 1 design units, including 1 entities, in source file reset_synch.v
    Info (12023): Found entity 1: reset_synch File: I:/ece551/FinalProject/reset_synch.v Line: 1
Info (12021): Found 1 design units, including 1 entities, in source file pwm8.v
    Info (12023): Found entity 1: pwm8 File: I:/ece551/FinalProject/pwm8.v Line: 1
Info (12021): Found 1 design units, including 1 entities, in source file pwm.v
    Info (12023): Found entity 1: pwm File: I:/ece551/FinalProject/pwm.v Line: 1
Info (12021): Found 1 design units, including 1 entities, in source file pushbutton_detect.v
    Info (12023): Found entity 1: Pushbutton_detect File: I:/ece551/FinalProject/Pushbutton_detect.v Line: 2
Info (12021): Found 1 design units, including 1 entities, in source file motor_cntrl.v
    Info (12023): Found entity 1: motor_cntrl File: I:/ece551/FinalProject/motor_cntrl.v Line: 1
Info (12021): Found 1 design units, including 1 entities, in source file motion_cntrl_tb.sv
    Info (12023): Found entity 1: motion_cntrl_tb File: I:/ece551/FinalProject/motion_cntrl_tb.sv Line: 2
Info (12021): Found 1 design units, including 1 entities, in source file duty_meas8.v
    Info (12023): Found entity 1: duty_meas8 File: I:/ece551/FinalProject/duty_meas8.v Line: 1
Info (12021): Found 1 design units, including 1 entities, in source file duty_meas.v
    Info (12023): Found entity 1: duty_meas File: I:/ece551/FinalProject/duty_meas.v Line: 1
Info (12021): Found 1 design units, including 1 entities, in source file da_real_alu.v
    Info (12023): Found entity 1: alu File: I:/ece551/FinalProject/da_real_alu.v Line: 1
Info (12021): Found 1 design units, including 1 entities, in source file counter_8.v
    Info (12023): Found entity 1: counter_8 File: I:/ece551/FinalProject/counter_8.v Line: 1
Info (12021): Found 1 design units, including 1 entities, in source file cmd_contrl.sv
    Info (12023): Found entity 1: cmd_cntrl File: I:/ece551/FinalProject/cmd_contrl.sv Line: 4
Info (12021): Found 1 design units, including 1 entities, in source file buzz_cntr.v
    Info (12023): Found entity 1: buzz_counter File: I:/ece551/FinalProject/buzz_cntr.v Line: 1
Info (12021): Found 1 design units, including 1 entities, in source file barcode_mimic.sv
    Info (12023): Found entity 1: barcode_mimic File: I:/ece551/FinalProject/barcode_mimic.sv Line: 1
Info (12021): Found 1 design units, including 1 entities, in source file adc128s.sv
    Info (12023): Found entity 1: ADC128S File: I:/ece551/FinalProject/ADC128S.sv Line: 1
Info (12021): Found 1 design units, including 1 entities, in source file follower.v
    Info (12023): Found entity 1: Follower File: I:/ece551/FinalProject/follower.v Line: 1
Warning (12019): Can't analyze file -- file cmd_cntrl.sv is missing
Info (12021): Found 1 design units, including 1 entities, in source file dig_core.sv
    Info (12023): Found entity 1: dig_core File: I:/ece551/FinalProject/dig_core.sv Line: 1
Warning (12019): Can't analyze file -- file UART_rcv.sv is missing
Warning (12019): Can't analyze file -- file SPI_mstr16.sv is missing
Warning (12019): Can't analyze file -- file pwm8.sv is missing
Warning (12019): Can't analyze file -- file pwm.sv is missing
Warning (12019): Can't analyze file -- file motor_cntrl.sv is missing
Info (12021): Found 1 design units, including 1 entities, in source file motion_cntrl.sv
    Info (12023): Found entity 1: motion_cntrl File: I:/ece551/FinalProject/motion_cntrl.sv Line: 1
Info (12021): Found 1 design units, including 1 entities, in source file barcode.sv
    Info (12023): Found entity 1: barcode File: I:/ece551/FinalProject/barcode.sv Line: 3
Warning (12019): Can't analyze file -- file alu.sv is missing
Info (12021): Found 1 design units, including 1 entities, in source file a2d_intf.sv
    Info (12023): Found entity 1: A2D_intf File: I:/ece551/FinalProject/A2D_intf.sv Line: 1
Warning (10236): Verilog HDL Implicit Net warning at follower.v(55): created implicit net for "go" File: I:/ece551/FinalProject/follower.v Line: 55
Error (12007): Top-level design entity "follower" is undefined
Info (144001): Generated suppressed messages file I:/ece551/FinalProject/Follower.map.smsg
Error: Quartus Prime Analysis & Synthesis was unsuccessful. 1 error, 9 warnings
    Error: Peak virtual memory: 834 megabytes
    Error: Processing ended: Tue May 02 10:12:25 2017
    Error: Elapsed time: 00:00:58
    Error: Total CPU time (on all processors): 00:00:29


+------------------------------------------+
; Analysis & Synthesis Suppressed Messages ;
+------------------------------------------+
The suppressed messages can be found in I:/ece551/FinalProject/Follower.map.smsg.


